[2026-06-25 05:00:27.311393] AI PARSING COMPLETED
Document type: purchase_order
Extracted summary: PO Number 1001. Buyer: ABC Fashion. Total quantity: 500 pieces.
--------------------------------------------------
[2026-06-25 06:00:13.536406] AI PARSING COMPLETED
Document type: purchase_order
Extracted summary: PO Number 1001. Buyer ABC Fashion. Quantity 500 pieces.
--------------------------------------------------
[2026-06-25 06:03:04.428117] AI PARSING COMPLETED
Document type: purchase_order
Extracted summary: PO Number 1001. Buyer ABC Fashion. Quantity 500 pieces.
--------------------------------------------------
[2026-06-25 06:29:47.764371] AI PARSING COMPLETED
Document type: purchase_order
Extracted summary: PO Number 1001. Buyer ABC Fashion. Quantity 500 pieces.
--------------------------------------------------
[2026-06-25 06:39:44.464057] AI PARSING COMPLETED
Document type: purchase_order
Extracted summary: PO Number 1001. Buyer ABC Fashion. Quantity 500 pieces.
--------------------------------------------------
[2026-06-25 06:58:42.617244] AI PARSING COMPLETED
Document type: purchase_order
Extracted summary: PO Number 1001. Buyer ABC Fashion. Quantity 500 pieces.
--------------------------------------------------
[2026-06-25 07:00:38.027636] AI PARSING COMPLETED
Document type: purchase_order
Extracted summary: PO Number 1001. Buyer ABC Fashion. Quantity 500 pieces.
--------------------------------------------------
[2026-06-25 07:06:17.560128] AI PARSING COMPLETED
Document type: purchase_order
Extracted summary: PO Number 1001. Buyer ABC Fashion. Quantity 500 pieces.
--------------------------------------------------
[2026-06-25 08:55:46.673071] AI PARSING COMPLETED
Document type: purchase_order
Extracted summary: PO Number 1001. Buyer ABC Fashion. Quantity 500 pieces.
--------------------------------------------------
[2026-06-25 09:03:37.692344] AI PARSING COMPLETED
Document type: purchase_order
Extracted summary: PO Number 1001. Buyer ABC Fashion. Quantity 500 pieces.
--------------------------------------------------
[2026-06-25 09:16:04.821716] AI PARSING COMPLETED
Document type: purchase_order
Extracted summary: PO Number 1001. Buyer ABC Fashion. Quantity 500 pieces.
--------------------------------------------------
[2026-06-25 09:20:08.539151] AI PARSING COMPLETED
Document type: purchase_order
Extracted summary: PO Number 1001. Buyer ABC Fashion. Quantity 500 pieces.
--------------------------------------------------
[2026-06-25 10:37:51.177964] AI PARSING COMPLETED
Document type: purchase_order
Extracted summary: PO Number 1001. Buyer ABC Fashion. Quantity 500 pieces.
--------------------------------------------------
[2026-06-25 10:44:19.960521] AI PARSING COMPLETED
Document type: purchase_order
Extracted summary: PO Number 1001. Buyer ABC Fashion. Quantity 500 pieces.
--------------------------------------------------
[2026-06-25 11:03:31.973236] AI PARSING COMPLETED
Document type: purchase_order
Extracted summary: PO Number 1001. Buyer ABC Fashion. Quantity 500 pieces.
--------------------------------------------------
[2026-06-25 11:15:21.695664] AI PARSING COMPLETED
Document type: purchase_order
Extracted summary: PO Number 1001. Buyer ABC Fashion. Quantity 500 pieces.
--------------------------------------------------
[2026-06-25 11:24:16.151581] AI PARSING COMPLETED
Document type: purchase_order
Extracted summary: PO Number 1001. Buyer ABC Fashion. Quantity 500 pieces.
--------------------------------------------------
[2026-06-27 08:54:21.366095] AI PARSING COMPLETED
Document type: purchase_order
Extracted summary: PO Number 1001. Buyer ABC Fashion. Quantity 500 pieces.
--------------------------------------------------
[2026-06-27 09:37:50.020665] AI PARSING COMPLETED
Document type: purchase_order
Extracted summary: PO Number 1001. Buyer ABC Fashion. Quantity 500 pieces.
--------------------------------------------------
[2026-06-27 09:56:34.242439] AI PARSING COMPLETED
Document type: purchase_order
Extracted summary: PO Number 1001. Buyer ABC Fashion. Quantity 500 pieces.
--------------------------------------------------
[2026-06-27 10:01:05.021282] AI PARSING COMPLETED
Document type: purchase_order
Extracted summary: PO Number 1001. Buyer ABC Fashion. Quantity 500 pieces.
--------------------------------------------------
